c:\users\admin\desktop\workspace\cctvblackbox\cctvblackbox\x64\debug\cctvblackbox.pch
c:\users\admin\desktop\workspace\cctvblackbox\cctvblackbox\x64\debug\vc142.pdb
c:\users\admin\desktop\workspace\cctvblackbox\cctvblackbox\x64\debug\vc142.idb
c:\users\admin\desktop\workspace\cctvblackbox\cctvblackbox\x64\debug\pch.obj
c:\users\admin\desktop\workspace\cctvblackbox\cctvblackbox\x64\debug\cctvblackboxdlg.obj
c:\users\admin\desktop\workspace\cctvblackbox\cctvblackbox\x64\debug\cctvblackbox.obj
c:\users\admin\desktop\workspace\cctvblackbox\cctvblackbox\x64\debug\setting.obj
c:\users\admin\desktop\workspace\cctvblackbox\cctvblackbox\x64\debug\imageprocessing.obj
c:\users\admin\desktop\workspace\cctvblackbox\x64\debug\cctvblackbox.exe
c:\users\admin\desktop\workspace\cctvblackbox\x64\debug\cctvblackbox.ilk
c:\users\admin\desktop\workspace\cctvblackbox\x64\debug\cctvblackbox.pdb
c:\users\admin\desktop\workspace\cctvblackbox\cctvblackbox\x64\debug\cctvblackbox.res
c:\users\admin\desktop\workspace\cctvblackbox\cctvblackbox\x64\debug\cctvblackbox.tlog\cl.command.1.tlog
c:\users\admin\desktop\workspace\cctvblackbox\cctvblackbox\x64\debug\cctvblackbox.tlog\cl.read.1.tlog
c:\users\admin\desktop\workspace\cctvblackbox\cctvblackbox\x64\debug\cctvblackbox.tlog\cl.write.1.tlog
c:\users\admin\desktop\workspace\cctvblackbox\cctvblackbox\x64\debug\cctvblackbox.tlog\link.command.1.tlog
c:\users\admin\desktop\workspace\cctvblackbox\cctvblackbox\x64\debug\cctvblackbox.tlog\link.read.1.tlog
c:\users\admin\desktop\workspace\cctvblackbox\cctvblackbox\x64\debug\cctvblackbox.tlog\link.write.1.tlog
c:\users\admin\desktop\workspace\cctvblackbox\cctvblackbox\x64\debug\cctvblackbox.tlog\rc.command.1.tlog
c:\users\admin\desktop\workspace\cctvblackbox\cctvblackbox\x64\debug\cctvblackbox.tlog\rc.read.1.tlog
c:\users\admin\desktop\workspace\cctvblackbox\cctvblackbox\x64\debug\cctvblackbox.tlog\rc.write.1.tlog
